<?xml version="1.0" encoding="UTF-8"?>
<!-- Generated by org.testng.reporters.JUnitXMLReporter -->
<testsuite hostname="AswinikumarsMBP.lan" name="Test" tests="59" failures="0" timestamp="7 Dec 2020 07:54:08 GMT" time="36.51" errors="0">
  <testcase name="@BeforeTest beforeClass" time="0.0" classname="twc.Regression.TestCases.regressionTestCases">
    <failure type="twc.Regression.HandleWithCharles.CharlesProxyException" message="Charles is still not running after 30 second(s)">
      <![CDATA[twc.Regression.HandleWithCharles.CharlesProxyException: Charles is still not running after 30 second(s)
	at twc.Regression.HandleWithCharles.CharlesProxy.startCharlesProxy(CharlesProxy.java:233)
	at twc.Regression.HandleWithCharles.CharlesProxy.startCharlesProxyWithUI(CharlesProxy.java:198)
	at twc.Regression.TestCases.regressionTestCases.beforeClass(regressionTestCases.java:453)
... Removed 26 stack frames]]>
    </failure>
  </testcase> <!-- @BeforeTest beforeClass -->
  <testcase name="C333213_Verify_cust_param_adid" time="0.003" classname="twc.Regression.TestCases.regressionTestCases">
    <skipped/>
  </testcase> <!-- C333213_Verify_cust_param_adid -->
  <testcase name="C333213_Verify_cust_param_aid" time="0.001" classname="twc.Regression.TestCases.regressionTestCases">
    <skipped/>
  </testcase> <!-- C333213_Verify_cust_param_aid -->
  <testcase name="C333200_Verify_cust_param_ord" time="0.001" classname="twc.Regression.TestCases.regressionTestCases">
    <skipped/>
  </testcase> <!-- C333200_Verify_cust_param_ord -->
  <testcase name="C333219_Verify_cust_param_ver" time="0.001" classname="twc.Regression.TestCases.regressionTestCases">
    <skipped/>
  </testcase> <!-- C333219_Verify_cust_param_ver -->
  <testcase name="C333213_Verify_cust_param_fdynght_day1_adCall" time="0.001" classname="twc.Regression.TestCases.regressionTestCases">
    <skipped/>
  </testcase> <!-- C333213_Verify_cust_param_fdynght_day1_adCall -->
  <testcase name="C658716_Verify_cust_param_tf" time="0.001" classname="twc.Regression.TestCases.regressionTestCases">
    <skipped/>
  </testcase> <!-- C658716_Verify_cust_param_tf -->
  <testcase name="C658711_Verify_cust_param_lang" time="0.001" classname="twc.Regression.TestCases.regressionTestCases">
    <skipped/>
  </testcase> <!-- C658711_Verify_cust_param_lang -->
  <testcase name="C658712_Verify_cust_param_plat" time="0.001" classname="twc.Regression.TestCases.regressionTestCases">
    <skipped/>
  </testcase> <!-- C658712_Verify_cust_param_plat -->
  <testcase name="C333218_Verify_cust_param_pos" time="0.001" classname="twc.Regression.TestCases.regressionTestCases">
    <skipped/>
  </testcase> <!-- C333218_Verify_cust_param_pos -->
  <testcase name="C333205_Verify_cust_param_tile" time="0.001" classname="twc.Regression.TestCases.regressionTestCases">
    <skipped/>
  </testcase> <!-- C333205_Verify_cust_param_tile -->
  <testcase name="C333216_Verify_cust_param_cnd" time="0.001" classname="twc.Regression.TestCases.regressionTestCases">
    <skipped/>
  </testcase> <!-- C333216_Verify_cust_param_cnd -->
  <testcase name="C333212_Verify_cust_param_ct" time="0.001" classname="twc.Regression.TestCases.regressionTestCases">
    <skipped/>
  </testcase> <!-- C333212_Verify_cust_param_ct -->
  <testcase name="C333203_Verify_cust_param_dma" time="0.001" classname="twc.Regression.TestCases.regressionTestCases">
    <skipped/>
  </testcase> <!-- C333203_Verify_cust_param_dma -->
  <testcase name="C628160_Verify_Parameter_DyNght" time="0.001" classname="twc.Regression.TestCases.regressionTestCases">
    <skipped/>
  </testcase> <!-- C628160_Verify_Parameter_DyNght -->
  <testcase name="C333209_Verify_cust_param_cc" time="0.001" classname="twc.Regression.TestCases.regressionTestCases">
    <skipped/>
  </testcase> <!-- C333209_Verify_cust_param_cc -->
  <testcase name="C333208_Verify_cust_param_tmp" time="0.001" classname="twc.Regression.TestCases.regressionTestCases">
    <skipped/>
  </testcase> <!-- C333208_Verify_cust_param_tmp -->
  <testcase name="C333217_Verify_cust_param_tmpr" time="0.001" classname="twc.Regression.TestCases.regressionTestCases">
    <skipped/>
  </testcase> <!-- C333217_Verify_cust_param_tmpr -->
  <testcase name="C333239_Verify_cust_param_tmpc" time="0.001" classname="twc.Regression.TestCases.regressionTestCases">
    <skipped/>
  </testcase> <!-- C333239_Verify_cust_param_tmpc -->
  <testcase name="C333202_Verify_cust_param_zip" time="0.001" classname="twc.Regression.TestCases.regressionTestCases">
    <skipped/>
  </testcase> <!-- C333202_Verify_cust_param_zip -->
  <testcase name="C333221_Verify_cust_param_wind" time="0.001" classname="twc.Regression.TestCases.regressionTestCases">
    <skipped/>
  </testcase> <!-- C333221_Verify_cust_param_wind -->
  <testcase name="C333224_Verify_cust_param_uv" time="0.001" classname="twc.Regression.TestCases.regressionTestCases">
    <skipped/>
  </testcase> <!-- C333224_Verify_cust_param_uv -->
  <testcase name="C333232_Verify_cust_param_fltmpc" time="0.0" classname="twc.Regression.TestCases.regressionTestCases">
    <skipped/>
  </testcase> <!-- C333232_Verify_cust_param_fltmpc -->
  <testcase name="C333228_Verify_cust_param_wfxtg" time="0.001" classname="twc.Regression.TestCases.regressionTestCases">
    <skipped/>
  </testcase> <!-- C333228_Verify_cust_param_wfxtg -->
  <testcase name="Validate_Integrated_FeedCard_StaticAd" time="0.001" classname="twc.Regression.TestCases.regressionTestCases">
    <skipped/>
  </testcase> <!-- Validate_Integrated_FeedCard_StaticAd -->
  <testcase name="Validate_Integrated_FeedCard_StaticAd_response" time="0.001" classname="twc.Regression.TestCases.regressionTestCases">
    <skipped/>
  </testcase> <!-- Validate_Integrated_FeedCard_StaticAd_response -->
  <testcase name="Validate_Integrated_FeedCard_StaticAd_bgAssetCall" time="0.001" classname="twc.Regression.TestCases.regressionTestCases">
    <skipped/>
  </testcase> <!-- Validate_Integrated_FeedCard_StaticAd_bgAssetCall -->
  <testcase name="Validate_Integrated_FeedCard_StaticAd_fgAssetCall" time="0.001" classname="twc.Regression.TestCases.regressionTestCases">
    <skipped/>
  </testcase> <!-- Validate_Integrated_FeedCard_StaticAd_fgAssetCall -->
  <testcase name="Validate_Integrated_FeedCard_StaticAd_Size" time="0.001" classname="twc.Regression.TestCases.regressionTestCases">
    <skipped/>
  </testcase> <!-- Validate_Integrated_FeedCard_StaticAd_Size -->
  <testcase name="Validate_Integrated_FeedCard_VideoAd" time="0.001" classname="twc.Regression.TestCases.regressionTestCases">
    <skipped/>
  </testcase> <!-- Validate_Integrated_FeedCard_VideoAd -->
  <testcase name="Validate_Integrated_FeedCard_VideoAd_response" time="0.001" classname="twc.Regression.TestCases.regressionTestCases">
    <skipped/>
  </testcase> <!-- Validate_Integrated_FeedCard_VideoAd_response -->
  <testcase name="Validate_Integrated_FeedCard_VideoAd_bgAssetCall" time="0.001" classname="twc.Regression.TestCases.regressionTestCases">
    <skipped/>
  </testcase> <!-- Validate_Integrated_FeedCard_VideoAd_bgAssetCall -->
  <testcase name="Validate_Integrated_FeedCard_VideoAd_fgAssetCall" time="0.001" classname="twc.Regression.TestCases.regressionTestCases">
    <skipped/>
  </testcase> <!-- Validate_Integrated_FeedCard_VideoAd_fgAssetCall -->
  <testcase name="Validate_Integrated_FeedCard_VideoAd_Size" time="0.001" classname="twc.Regression.TestCases.regressionTestCases">
    <skipped/>
  </testcase> <!-- Validate_Integrated_FeedCard_VideoAd_Size -->
  <testcase name="Smoke_Test_Verify_DailyDetails_IntegratedVideoadcall_iu" time="0.001" classname="twc.Regression.TestCases.regressionTestCases">
    <skipped/>
  </testcase> <!-- Smoke_Test_Verify_DailyDetails_IntegratedVideoadcall_iu -->
  <testcase name="Smoke_Test_Verify_DailyDetails_Integratedadcall_iu" time="0.001" classname="twc.Regression.TestCases.regressionTestCases">
    <skipped/>
  </testcase> <!-- Smoke_Test_Verify_DailyDetails_Integratedadcall_iu -->
  <testcase name="Smoke_Test_Verify_DailyDetails_IntegratedVideoadcall_Size" time="0.001" classname="twc.Regression.TestCases.regressionTestCases">
    <skipped/>
  </testcase> <!-- Smoke_Test_Verify_DailyDetails_IntegratedVideoadcall_Size -->
  <testcase name="Smoke_Test_Verify_DailyDetails_Integratedadcall_Size" time="0.001" classname="twc.Regression.TestCases.regressionTestCases">
    <skipped/>
  </testcase> <!-- Smoke_Test_Verify_DailyDetails_Integratedadcall_Size -->
  <testcase name="Smoke_Test_Verify_DailyDetails_Response_and_IM_Videoad_loading_on_screen" time="0.001" classname="twc.Regression.TestCases.regressionTestCases">
    <skipped/>
  </testcase> <!-- Smoke_Test_Verify_DailyDetails_Response_and_IM_Videoad_loading_on_screen -->
  <testcase name="Smoke_Test_Verify_DailyDetails_Response_and_IM_ad_loading_on_screen" time="0.0" classname="twc.Regression.TestCases.regressionTestCases">
    <skipped/>
  </testcase> <!-- Smoke_Test_Verify_DailyDetails_Response_and_IM_ad_loading_on_screen -->
  <testcase name="Smoke_Test_Verify_DailyIntegratedDetails_FG_Assest_URL" time="0.001" classname="twc.Regression.TestCases.regressionTestCases">
    <skipped/>
  </testcase> <!-- Smoke_Test_Verify_DailyIntegratedDetails_FG_Assest_URL -->
  <testcase name="Smoke_Test_Verify_DailyIntegratedVideo_FG_Assest_URL" time="0.001" classname="twc.Regression.TestCases.regressionTestCases">
    <skipped/>
  </testcase> <!-- Smoke_Test_Verify_DailyIntegratedVideo_FG_Assest_URL -->
  <testcase name="Smoke_Test_Verify_DailyIntegratedDetails_BG_Assest_URL" time="0.001" classname="twc.Regression.TestCases.regressionTestCases">
    <skipped/>
  </testcase> <!-- Smoke_Test_Verify_DailyIntegratedDetails_BG_Assest_URL -->
  <testcase name="Smoke_Test_Verify_DailyIntegratedVideo_BG_Assest_URL" time="0.0" classname="twc.Regression.TestCases.regressionTestCases">
    <skipped/>
  </testcase> <!-- Smoke_Test_Verify_DailyIntegratedVideo_BG_Assest_URL -->
  <testcase name="Smoke_Test_Verify_watson_FluCard_iu" time="0.001" classname="twc.Regression.TestCases.regressionTestCases">
    <skipped/>
  </testcase> <!-- Smoke_Test_Verify_watson_FluCard_iu -->
  <testcase name="Smoke_Test_Verify_watson_AllergyCard_iu" time="0.001" classname="twc.Regression.TestCases.regressionTestCases">
    <skipped/>
  </testcase> <!-- Smoke_Test_Verify_watson_AllergyCard_iu -->
  <testcase name="Smoke_Test_Verify_Weekendcard_iu" time="0.0" classname="twc.Regression.TestCases.regressionTestCases">
    <skipped/>
  </testcase> <!-- Smoke_Test_Verify_Weekendcard_iu -->
  <testcase name="Smoke_Test_Verify_Weekend_Card_iu" time="0.001" classname="twc.Regression.TestCases.regressionTestCases">
    <skipped/>
  </testcase> <!-- Smoke_Test_Verify_Weekend_Card_iu -->
  <testcase name="Smoke_Test_Verify_Size_Weekend_Card_adcall" time="0.001" classname="twc.Regression.TestCases.regressionTestCases">
    <skipped/>
  </testcase> <!-- Smoke_Test_Verify_Size_Weekend_Card_adcall -->
  <testcase name="Smoke_Test_Verify_Size_WeekAhead_Card_adcall" time="0.0" classname="twc.Regression.TestCases.regressionTestCases">
    <skipped/>
  </testcase> <!-- Smoke_Test_Verify_Size_WeekAhead_Card_adcall -->
  <testcase name="Smoke_Test_Verify_Size_WM_Allergy_Card_adcall" time="0.001" classname="twc.Regression.TestCases.regressionTestCases">
    <skipped/>
  </testcase> <!-- Smoke_Test_Verify_Size_WM_Allergy_Card_adcall -->
  <testcase name="Smoke_Test_Verify_Size_WM_Flu_Card_adcall" time="0.0" classname="twc.Regression.TestCases.regressionTestCases">
    <skipped/>
  </testcase> <!-- Smoke_Test_Verify_Size_WM_Flu_Card_adcall -->
  <testcase name="Smoke_Test_Verify_response_WM_Allergy_Card_adcall" time="0.001" classname="twc.Regression.TestCases.regressionTestCases">
    <skipped/>
  </testcase> <!-- Smoke_Test_Verify_response_WM_Allergy_Card_adcall -->
  <testcase name="Smoke_Test_Verify_response__WMFlu_adcall" time="0.001" classname="twc.Regression.TestCases.regressionTestCases">
    <skipped/>
  </testcase> <!-- Smoke_Test_Verify_response__WMFlu_adcall -->
  <testcase name="Smoke_Test_Verify_response__WeekAhead_Card_adcall" time="0.001" classname="twc.Regression.TestCases.regressionTestCases">
    <skipped/>
  </testcase> <!-- Smoke_Test_Verify_response__WeekAhead_Card_adcall -->
  <testcase name="Smoke_Test_Verify_response__Weekend_Card_adcall" time="0.001" classname="twc.Regression.TestCases.regressionTestCases">
    <skipped/>
  </testcase> <!-- Smoke_Test_Verify_response__Weekend_Card_adcall -->
  <testcase name="Smoke_Test_Weekend_pos_Custom_param" time="0.001" classname="twc.Regression.TestCases.regressionTestCases">
    <skipped/>
  </testcase> <!-- Smoke_Test_Weekend_pos_Custom_param -->
  <testcase name="Smoke_Test_WeekAhead_pos_Custom_param" time="0.001" classname="twc.Regression.TestCases.regressionTestCases">
    <skipped/>
  </testcase> <!-- Smoke_Test_WeekAhead_pos_Custom_param -->
  <testcase name="Smoke_Test_WM_Allergy_pos_Custom_param" time="0.001" classname="twc.Regression.TestCases.regressionTestCases">
    <skipped/>
  </testcase> <!-- Smoke_Test_WM_Allergy_pos_Custom_param -->
  <testcase name="Smoke_Test_WM_Flu_pos_Custom_param" time="0.001" classname="twc.Regression.TestCases.regressionTestCases">
    <skipped/>
  </testcase> <!-- Smoke_Test_WM_Flu_pos_Custom_param -->
</testsuite> <!-- Test -->
